{"/home/kintsume/Documents/Projects/TaskTrackerCLI/fileSystem.js": {"path":"/home/kintsume/Documents/Projects/TaskTrackerCLI/fileSystem.js","all":false,"statementMap":{"0":{"start":{"line":1,"column":0},"end":{"line":1,"column":20}},"1":{"start":{"line":2,"column":0},"end":{"line":2,"column":0}},"2":{"start":{"line":3,"column":0},"end":{"line":3,"column":32}},"3":{"start":{"line":4,"column":0},"end":{"line":4,"column":0}},"4":{"start":{"line":5,"column":0},"end":{"line":5,"column":34}},"5":{"start":{"line":6,"column":0},"end":{"line":6,"column":22}},"6":{"start":{"line":7,"column":0},"end":{"line":7,"column":1}},"7":{"start":{"line":8,"column":0},"end":{"line":8,"column":0}},"8":{"start":{"line":9,"column":0},"end":{"line":9,"column":40}},"9":{"start":{"line":10,"column":0},"end":{"line":10,"column":57}},"10":{"start":{"line":11,"column":0},"end":{"line":11,"column":13}},"11":{"start":{"line":12,"column":0},"end":{"line":12,"column":1}},"12":{"start":{"line":13,"column":0},"end":{"line":13,"column":0}},"13":{"start":{"line":14,"column":0},"end":{"line":14,"column":48}},"14":{"start":{"line":15,"column":0},"end":{"line":15,"column":68}},"15":{"start":{"line":16,"column":0},"end":{"line":16,"column":0}},"16":{"start":{"line":17,"column":0},"end":{"line":17,"column":14}},"17":{"start":{"line":18,"column":0},"end":{"line":18,"column":1}},"18":{"start":{"line":19,"column":0},"end":{"line":19,"column":0}},"19":{"start":{"line":20,"column":0},"end":{"line":20,"column":37}},"20":{"start":{"line":21,"column":0},"end":{"line":21,"column":29}},"21":{"start":{"line":22,"column":0},"end":{"line":22,"column":0}},"22":{"start":{"line":23,"column":0},"end":{"line":23,"column":24}},"23":{"start":{"line":24,"column":0},"end":{"line":24,"column":0}},"24":{"start":{"line":25,"column":0},"end":{"line":25,"column":19}},"25":{"start":{"line":26,"column":0},"end":{"line":26,"column":0}},"26":{"start":{"line":27,"column":0},"end":{"line":27,"column":24}},"27":{"start":{"line":28,"column":0},"end":{"line":28,"column":0}},"28":{"start":{"line":29,"column":0},"end":{"line":29,"column":23}},"29":{"start":{"line":30,"column":0},"end":{"line":30,"column":1}},"30":{"start":{"line":31,"column":0},"end":{"line":31,"column":0}},"31":{"start":{"line":32,"column":0},"end":{"line":32,"column":43}},"32":{"start":{"line":33,"column":0},"end":{"line":33,"column":29}},"33":{"start":{"line":34,"column":0},"end":{"line":34,"column":0}},"34":{"start":{"line":35,"column":0},"end":{"line":35,"column":11}},"35":{"start":{"line":36,"column":0},"end":{"line":36,"column":20}},"36":{"start":{"line":37,"column":0},"end":{"line":37,"column":23}},"37":{"start":{"line":38,"column":0},"end":{"line":38,"column":10}},"38":{"start":{"line":39,"column":0},"end":{"line":39,"column":3}},"39":{"start":{"line":40,"column":0},"end":{"line":40,"column":0}},"40":{"start":{"line":41,"column":0},"end":{"line":41,"column":21}},"41":{"start":{"line":42,"column":0},"end":{"line":42,"column":0}},"42":{"start":{"line":43,"column":0},"end":{"line":43,"column":15}},"43":{"start":{"line":44,"column":0},"end":{"line":44,"column":2}},"44":{"start":{"line":45,"column":0},"end":{"line":45,"column":25}},"45":{"start":{"line":46,"column":0},"end":{"line":46,"column":19}},"46":{"start":{"line":47,"column":0},"end":{"line":47,"column":11}},"47":{"start":{"line":48,"column":0},"end":{"line":48,"column":4}},"48":{"start":{"line":49,"column":0},"end":{"line":49,"column":2}},"49":{"start":{"line":50,"column":0},"end":{"line":50,"column":21}},"50":{"start":{"line":51,"column":0},"end":{"line":51,"column":1}},"51":{"start":{"line":52,"column":0},"end":{"line":52,"column":0}},"52":{"start":{"line":53,"column":0},"end":{"line":53,"column":23}},"53":{"start":{"line":54,"column":0},"end":{"line":54,"column":46}},"54":{"start":{"line":55,"column":0},"end":{"line":55,"column":1}},"55":{"start":{"line":56,"column":0},"end":{"line":56,"column":0}},"56":{"start":{"line":57,"column":0},"end":{"line":57,"column":28}},"57":{"start":{"line":58,"column":0},"end":{"line":58,"column":62}},"58":{"start":{"line":59,"column":0},"end":{"line":59,"column":1}}},"s":{"0":1,"1":1,"2":1,"3":1,"4":1,"5":1,"6":1,"7":1,"8":1,"9":1,"10":1,"11":1,"12":1,"13":1,"14":1,"15":1,"16":1,"17":1,"18":1,"19":1,"20":2,"21":2,"22":2,"23":2,"24":2,"25":2,"26":2,"27":2,"28":2,"29":2,"30":1,"31":1,"32":2,"33":2,"34":2,"35":1,"36":1,"37":1,"38":1,"39":1,"40":1,"41":1,"42":1,"43":1,"44":1,"45":4,"46":4,"47":1,"48":1,"49":1,"50":1,"51":1,"52":6,"53":6,"54":6,"55":1,"56":5,"57":5,"58":5},"branchMap":{"0":{"type":"branch","line":5,"loc":{"start":{"line":5,"column":7},"end":{"line":7,"column":1}},"locations":[{"start":{"line":5,"column":7},"end":{"line":7,"column":1}}]},"1":{"type":"branch","line":9,"loc":{"start":{"line":9,"column":7},"end":{"line":12,"column":1}},"locations":[{"start":{"line":9,"column":7},"end":{"line":12,"column":1}}]},"2":{"type":"branch","line":10,"loc":{"start":{"line":10,"column":34},"end":{"line":10,"column":57}},"locations":[{"start":{"line":10,"column":34},"end":{"line":10,"column":57}}]},"3":{"type":"branch","line":14,"loc":{"start":{"line":14,"column":7},"end":{"line":18,"column":1}},"locations":[{"start":{"line":14,"column":7},"end":{"line":18,"column":1}}]},"4":{"type":"branch","line":15,"loc":{"start":{"line":15,"column":37},"end":{"line":15,"column":68}},"locations":[{"start":{"line":15,"column":37},"end":{"line":15,"column":68}}]},"5":{"type":"branch","line":20,"loc":{"start":{"line":20,"column":7},"end":{"line":30,"column":1}},"locations":[{"start":{"line":20,"column":7},"end":{"line":30,"column":1}}]},"6":{"type":"branch","line":32,"loc":{"start":{"line":32,"column":7},"end":{"line":51,"column":1}},"locations":[{"start":{"line":32,"column":7},"end":{"line":51,"column":1}}]},"7":{"type":"branch","line":35,"loc":{"start":{"line":35,"column":10},"end":{"line":51,"column":1}},"locations":[{"start":{"line":35,"column":10},"end":{"line":51,"column":1}}]},"8":{"type":"branch","line":45,"loc":{"start":{"line":45,"column":16},"end":{"line":48,"column":3}},"locations":[{"start":{"line":45,"column":16},"end":{"line":48,"column":3}}]},"9":{"type":"branch","line":53,"loc":{"start":{"line":53,"column":0},"end":{"line":55,"column":1}},"locations":[{"start":{"line":53,"column":0},"end":{"line":55,"column":1}}]},"10":{"type":"branch","line":57,"loc":{"start":{"line":57,"column":0},"end":{"line":59,"column":1}},"locations":[{"start":{"line":57,"column":0},"end":{"line":59,"column":1}}]}},"b":{"0":[1],"1":[1],"2":[3],"3":[1],"4":[4],"5":[2],"6":[2],"7":[1],"8":[4],"9":[6],"10":[5]},"fnMap":{"0":{"name":"CreateFile","decl":{"start":{"line":5,"column":7},"end":{"line":7,"column":1}},"loc":{"start":{"line":5,"column":7},"end":{"line":7,"column":1}},"line":5},"1":{"name":"GetTaskFromFileById","decl":{"start":{"line":9,"column":7},"end":{"line":12,"column":1}},"loc":{"start":{"line":9,"column":7},"end":{"line":12,"column":1}},"line":9},"2":{"name":"GetTaskFromFileByStatus","decl":{"start":{"line":14,"column":7},"end":{"line":18,"column":1}},"loc":{"start":{"line":14,"column":7},"end":{"line":18,"column":1}},"line":14},"3":{"name":"AddTaskToFile","decl":{"start":{"line":20,"column":7},"end":{"line":30,"column":1}},"loc":{"start":{"line":20,"column":7},"end":{"line":30,"column":1}},"line":20},"4":{"name":"UpdateTaskOnFile","decl":{"start":{"line":32,"column":7},"end":{"line":51,"column":1}},"loc":{"start":{"line":32,"column":7},"end":{"line":51,"column":1}},"line":32},"5":{"name":"getFileData","decl":{"start":{"line":53,"column":0},"end":{"line":55,"column":1}},"loc":{"start":{"line":53,"column":0},"end":{"line":55,"column":1}},"line":53},"6":{"name":"saveFileData","decl":{"start":{"line":57,"column":0},"end":{"line":59,"column":1}},"loc":{"start":{"line":57,"column":0},"end":{"line":59,"column":1}},"line":57}},"f":{"0":1,"1":1,"2":1,"3":2,"4":2,"5":6,"6":5}}
,"/home/kintsume/Documents/Projects/TaskTrackerCLI/index.js": {"path":"/home/kintsume/Documents/Projects/TaskTrackerCLI/index.js","all":false,"statementMap":{"0":{"start":{"line":1,"column":0},"end":{"line":1,"column":0}},"1":{"start":{"line":2,"column":0},"end":{"line":2,"column":0}},"2":{"start":{"line":3,"column":0},"end":{"line":3,"column":43}},"3":{"start":{"line":4,"column":0},"end":{"line":4,"column":40}},"4":{"start":{"line":5,"column":0},"end":{"line":5,"column":46}},"5":{"start":{"line":6,"column":0},"end":{"line":6,"column":46}},"6":{"start":{"line":7,"column":0},"end":{"line":7,"column":42}},"7":{"start":{"line":8,"column":0},"end":{"line":8,"column":0}},"8":{"start":{"line":9,"column":0},"end":{"line":9,"column":29}},"9":{"start":{"line":10,"column":0},"end":{"line":10,"column":1}},"10":{"start":{"line":11,"column":0},"end":{"line":11,"column":29}},"11":{"start":{"line":12,"column":0},"end":{"line":12,"column":2}},"12":{"start":{"line":13,"column":0},"end":{"line":13,"column":37}},"13":{"start":{"line":14,"column":0},"end":{"line":14,"column":0}},"14":{"start":{"line":15,"column":0},"end":{"line":15,"column":42}},"15":{"start":{"line":16,"column":0},"end":{"line":16,"column":0}},"16":{"start":{"line":17,"column":0},"end":{"line":17,"column":52}},"17":{"start":{"line":18,"column":0},"end":{"line":18,"column":0}},"18":{"start":{"line":19,"column":0},"end":{"line":19,"column":57}},"19":{"start":{"line":20,"column":0},"end":{"line":20,"column":46}},"20":{"start":{"line":21,"column":0},"end":{"line":21,"column":4}},"21":{"start":{"line":22,"column":0},"end":{"line":22,"column":24}},"22":{"start":{"line":23,"column":0},"end":{"line":23,"column":10}},"23":{"start":{"line":24,"column":0},"end":{"line":24,"column":3}},"24":{"start":{"line":25,"column":0},"end":{"line":25,"column":0}},"25":{"start":{"line":26,"column":0},"end":{"line":26,"column":60}},"26":{"start":{"line":27,"column":0},"end":{"line":27,"column":37}},"27":{"start":{"line":28,"column":0},"end":{"line":28,"column":0}},"28":{"start":{"line":29,"column":0},"end":{"line":29,"column":18}},"29":{"start":{"line":30,"column":0},"end":{"line":30,"column":10}},"30":{"start":{"line":31,"column":0},"end":{"line":31,"column":3}},"31":{"start":{"line":32,"column":0},"end":{"line":32,"column":0}},"32":{"start":{"line":33,"column":0},"end":{"line":33,"column":58}},"33":{"start":{"line":34,"column":0},"end":{"line":34,"column":41}},"34":{"start":{"line":35,"column":0},"end":{"line":35,"column":0}},"35":{"start":{"line":36,"column":0},"end":{"line":36,"column":21}},"36":{"start":{"line":37,"column":0},"end":{"line":37,"column":10}},"37":{"start":{"line":38,"column":0},"end":{"line":38,"column":3}},"38":{"start":{"line":39,"column":0},"end":{"line":39,"column":0}},"39":{"start":{"line":40,"column":0},"end":{"line":40,"column":58}},"40":{"start":{"line":41,"column":0},"end":{"line":41,"column":37}},"41":{"start":{"line":42,"column":0},"end":{"line":42,"column":41}},"42":{"start":{"line":43,"column":0},"end":{"line":43,"column":0}},"43":{"start":{"line":44,"column":0},"end":{"line":44,"column":24}},"44":{"start":{"line":45,"column":0},"end":{"line":45,"column":10}},"45":{"start":{"line":46,"column":0},"end":{"line":46,"column":3}},"46":{"start":{"line":47,"column":0},"end":{"line":47,"column":0}},"47":{"start":{"line":48,"column":0},"end":{"line":48,"column":60}},"48":{"start":{"line":49,"column":0},"end":{"line":49,"column":37}},"49":{"start":{"line":50,"column":0},"end":{"line":50,"column":46}},"50":{"start":{"line":51,"column":0},"end":{"line":51,"column":4}},"51":{"start":{"line":52,"column":0},"end":{"line":52,"column":31}},"52":{"start":{"line":53,"column":0},"end":{"line":53,"column":10}},"53":{"start":{"line":54,"column":0},"end":{"line":54,"column":3}},"54":{"start":{"line":55,"column":0},"end":{"line":55,"column":0}},"55":{"start":{"line":56,"column":0},"end":{"line":56,"column":49}},"56":{"start":{"line":57,"column":0},"end":{"line":57,"column":1}},"57":{"start":{"line":58,"column":0},"end":{"line":58,"column":0}},"58":{"start":{"line":59,"column":0},"end":{"line":59,"column":22}}},"s":{"0":1,"1":1,"2":1,"3":1,"4":1,"5":1,"6":1,"7":1,"8":1,"9":12,"10":12,"11":12,"12":12,"13":12,"14":12,"15":12,"16":12,"17":12,"18":12,"19":2,"20":2,"21":2,"22":2,"23":2,"24":10,"25":12,"26":2,"27":2,"28":2,"29":2,"30":2,"31":8,"32":12,"33":3,"34":3,"35":3,"36":3,"37":3,"38":5,"39":12,"40":2,"41":2,"42":2,"43":2,"44":2,"45":2,"46":3,"47":12,"48":2,"49":2,"50":2,"51":2,"52":2,"53":2,"54":1,"55":1,"56":1,"57":1,"58":1},"branchMap":{"0":{"type":"branch","line":9,"loc":{"start":{"line":9,"column":7},"end":{"line":57,"column":1}},"locations":[{"start":{"line":9,"column":7},"end":{"line":57,"column":1}}]},"1":{"type":"branch","line":19,"loc":{"start":{"line":19,"column":29},"end":{"line":19,"column":55}},"locations":[{"start":{"line":19,"column":29},"end":{"line":19,"column":55}}]},"2":{"type":"branch","line":19,"loc":{"start":{"line":19,"column":56},"end":{"line":24,"column":3}},"locations":[{"start":{"line":19,"column":56},"end":{"line":24,"column":3}}]},"3":{"type":"branch","line":24,"loc":{"start":{"line":24,"column":2},"end":{"line":26,"column":36}},"locations":[{"start":{"line":24,"column":2},"end":{"line":26,"column":36}}]},"4":{"type":"branch","line":26,"loc":{"start":{"line":26,"column":32},"end":{"line":26,"column":58}},"locations":[{"start":{"line":26,"column":32},"end":{"line":26,"column":58}}]},"5":{"type":"branch","line":26,"loc":{"start":{"line":26,"column":59},"end":{"line":31,"column":3}},"locations":[{"start":{"line":26,"column":59},"end":{"line":31,"column":3}}]},"6":{"type":"branch","line":31,"loc":{"start":{"line":31,"column":2},"end":{"line":33,"column":34}},"locations":[{"start":{"line":31,"column":2},"end":{"line":33,"column":34}}]},"7":{"type":"branch","line":33,"loc":{"start":{"line":33,"column":30},"end":{"line":33,"column":56}},"locations":[{"start":{"line":33,"column":30},"end":{"line":33,"column":56}}]},"8":{"type":"branch","line":33,"loc":{"start":{"line":33,"column":57},"end":{"line":38,"column":3}},"locations":[{"start":{"line":33,"column":57},"end":{"line":38,"column":3}}]},"9":{"type":"branch","line":38,"loc":{"start":{"line":38,"column":2},"end":{"line":40,"column":34}},"locations":[{"start":{"line":38,"column":2},"end":{"line":40,"column":34}}]},"10":{"type":"branch","line":40,"loc":{"start":{"line":40,"column":30},"end":{"line":40,"column":56}},"locations":[{"start":{"line":40,"column":30},"end":{"line":40,"column":56}}]},"11":{"type":"branch","line":40,"loc":{"start":{"line":40,"column":57},"end":{"line":46,"column":3}},"locations":[{"start":{"line":40,"column":57},"end":{"line":46,"column":3}}]},"12":{"type":"branch","line":46,"loc":{"start":{"line":46,"column":2},"end":{"line":48,"column":36}},"locations":[{"start":{"line":46,"column":2},"end":{"line":48,"column":36}}]},"13":{"type":"branch","line":48,"loc":{"start":{"line":48,"column":32},"end":{"line":48,"column":58}},"locations":[{"start":{"line":48,"column":32},"end":{"line":48,"column":58}}]},"14":{"type":"branch","line":48,"loc":{"start":{"line":48,"column":59},"end":{"line":54,"column":3}},"locations":[{"start":{"line":48,"column":59},"end":{"line":54,"column":3}}]},"15":{"type":"branch","line":54,"loc":{"start":{"line":54,"column":2},"end":{"line":57,"column":1}},"locations":[{"start":{"line":54,"column":2},"end":{"line":57,"column":1}}]}},"b":{"0":[12],"1":[11],"2":[2],"3":[10],"4":[9],"5":[2],"6":[8],"7":[6],"8":[3],"9":[5],"10":[4],"11":[2],"12":[3],"13":[2],"14":[2],"15":[1]},"fnMap":{"0":{"name":"program","decl":{"start":{"line":9,"column":7},"end":{"line":57,"column":1}},"loc":{"start":{"line":9,"column":7},"end":{"line":57,"column":1}},"line":9}},"f":{"0":12}}
,"/home/kintsume/Documents/Projects/TaskTrackerCLI/functions/add.js": {"path":"/home/kintsume/Documents/Projects/TaskTrackerCLI/functions/add.js","all":false,"statementMap":{"0":{"start":{"line":1,"column":0},"end":{"line":1,"column":0}},"1":{"start":{"line":2,"column":0},"end":{"line":2,"column":19}},"2":{"start":{"line":3,"column":0},"end":{"line":3,"column":60}},"3":{"start":{"line":4,"column":0},"end":{"line":4,"column":0}},"4":{"start":{"line":5,"column":0},"end":{"line":5,"column":31}},"5":{"start":{"line":6,"column":0},"end":{"line":6,"column":0}},"6":{"start":{"line":7,"column":0},"end":{"line":7,"column":45}},"7":{"start":{"line":8,"column":0},"end":{"line":8,"column":0}},"8":{"start":{"line":9,"column":0},"end":{"line":9,"column":32}},"9":{"start":{"line":10,"column":0},"end":{"line":10,"column":52}},"10":{"start":{"line":11,"column":0},"end":{"line":11,"column":10}},"11":{"start":{"line":12,"column":0},"end":{"line":12,"column":3}},"12":{"start":{"line":13,"column":0},"end":{"line":13,"column":0}},"13":{"start":{"line":14,"column":0},"end":{"line":14,"column":29}},"14":{"start":{"line":15,"column":0},"end":{"line":15,"column":59}},"15":{"start":{"line":16,"column":0},"end":{"line":16,"column":10}},"16":{"start":{"line":17,"column":0},"end":{"line":17,"column":3}},"17":{"start":{"line":18,"column":0},"end":{"line":18,"column":0}},"18":{"start":{"line":19,"column":0},"end":{"line":19,"column":51}},"19":{"start":{"line":20,"column":0},"end":{"line":20,"column":0}},"20":{"start":{"line":21,"column":0},"end":{"line":21,"column":22}},"21":{"start":{"line":22,"column":0},"end":{"line":22,"column":30}},"22":{"start":{"line":23,"column":0},"end":{"line":23,"column":10}},"23":{"start":{"line":24,"column":0},"end":{"line":24,"column":3}},"24":{"start":{"line":25,"column":0},"end":{"line":25,"column":0}},"25":{"start":{"line":26,"column":0},"end":{"line":26,"column":30}},"26":{"start":{"line":27,"column":0},"end":{"line":27,"column":1}},"27":{"start":{"line":28,"column":0},"end":{"line":28,"column":0}},"28":{"start":{"line":29,"column":0},"end":{"line":29,"column":36}},"29":{"start":{"line":30,"column":0},"end":{"line":30,"column":14}},"30":{"start":{"line":31,"column":0},"end":{"line":31,"column":11}},"31":{"start":{"line":32,"column":0},"end":{"line":32,"column":29}},"32":{"start":{"line":33,"column":0},"end":{"line":33,"column":19}},"33":{"start":{"line":34,"column":0},"end":{"line":34,"column":26}},"34":{"start":{"line":35,"column":0},"end":{"line":35,"column":26}},"35":{"start":{"line":36,"column":0},"end":{"line":36,"column":4}},"36":{"start":{"line":37,"column":0},"end":{"line":37,"column":1}},"37":{"start":{"line":38,"column":0},"end":{"line":38,"column":0}},"38":{"start":{"line":39,"column":0},"end":{"line":39,"column":36}},"39":{"start":{"line":40,"column":0},"end":{"line":40,"column":19}},"40":{"start":{"line":41,"column":0},"end":{"line":41,"column":10}},"41":{"start":{"line":42,"column":0},"end":{"line":42,"column":29}},"42":{"start":{"line":43,"column":0},"end":{"line":43,"column":19}},"43":{"start":{"line":44,"column":0},"end":{"line":44,"column":26}},"44":{"start":{"line":45,"column":0},"end":{"line":45,"column":25}},"45":{"start":{"line":46,"column":0},"end":{"line":46,"column":3}},"46":{"start":{"line":47,"column":0},"end":{"line":47,"column":0}},"47":{"start":{"line":48,"column":0},"end":{"line":48,"column":24}},"48":{"start":{"line":49,"column":0},"end":{"line":49,"column":1}}},"s":{"0":1,"1":1,"2":1,"3":1,"4":1,"5":1,"6":1,"7":4,"8":4,"9":1,"10":1,"11":1,"12":3,"13":4,"14":1,"15":1,"16":1,"17":2,"18":2,"19":2,"20":4,"21":1,"22":1,"23":1,"24":1,"25":1,"26":1,"27":1,"28":1,"29":1,"30":1,"31":1,"32":1,"33":1,"34":1,"35":1,"36":1,"37":1,"38":1,"39":1,"40":1,"41":1,"42":1,"43":1,"44":1,"45":1,"46":1,"47":1,"48":1},"branchMap":{"0":{"type":"branch","line":7,"loc":{"start":{"line":7,"column":15},"end":{"line":27,"column":1}},"locations":[{"start":{"line":7,"column":15},"end":{"line":27,"column":1}}]},"1":{"type":"branch","line":9,"loc":{"start":{"line":9,"column":31},"end":{"line":12,"column":3}},"locations":[{"start":{"line":9,"column":31},"end":{"line":12,"column":3}}]},"2":{"type":"branch","line":12,"loc":{"start":{"line":12,"column":2},"end":{"line":14,"column":28}},"locations":[{"start":{"line":12,"column":2},"end":{"line":14,"column":28}}]},"3":{"type":"branch","line":14,"loc":{"start":{"line":14,"column":28},"end":{"line":17,"column":3}},"locations":[{"start":{"line":14,"column":28},"end":{"line":17,"column":3}}]},"4":{"type":"branch","line":17,"loc":{"start":{"line":17,"column":2},"end":{"line":21,"column":21}},"locations":[{"start":{"line":17,"column":2},"end":{"line":21,"column":21}}]},"5":{"type":"branch","line":21,"loc":{"start":{"line":21,"column":21},"end":{"line":27,"column":1}},"locations":[{"start":{"line":21,"column":21},"end":{"line":27,"column":1}}]},"6":{"type":"branch","line":29,"loc":{"start":{"line":29,"column":0},"end":{"line":37,"column":1}},"locations":[{"start":{"line":29,"column":0},"end":{"line":37,"column":1}}]},"7":{"type":"branch","line":39,"loc":{"start":{"line":39,"column":0},"end":{"line":49,"column":1}},"locations":[{"start":{"line":39,"column":0},"end":{"line":49,"column":1}}]}},"b":{"0":[4],"1":[1],"2":[3],"3":[1],"4":[2],"5":[1],"6":[1],"7":[1]},"fnMap":{"0":{"name":"AddTask","decl":{"start":{"line":7,"column":15},"end":{"line":27,"column":1}},"loc":{"start":{"line":7,"column":15},"end":{"line":27,"column":1}},"line":7},"1":{"name":"CreateNewFile","decl":{"start":{"line":29,"column":0},"end":{"line":37,"column":1}},"loc":{"start":{"line":29,"column":0},"end":{"line":37,"column":1}},"line":29},"2":{"name":"CreateNewTask","decl":{"start":{"line":39,"column":0},"end":{"line":49,"column":1}},"loc":{"start":{"line":39,"column":0},"end":{"line":49,"column":1}},"line":39}},"f":{"0":4,"1":1,"2":1}}
,"/home/kintsume/Documents/Projects/TaskTrackerCLI/functions/delete.js": {"path":"/home/kintsume/Documents/Projects/TaskTrackerCLI/functions/delete.js","all":false,"statementMap":{"0":{"start":{"line":1,"column":0},"end":{"line":1,"column":0}},"1":{"start":{"line":2,"column":0},"end":{"line":2,"column":51}},"2":{"start":{"line":3,"column":0},"end":{"line":3,"column":33}},"3":{"start":{"line":4,"column":0},"end":{"line":4,"column":0}},"4":{"start":{"line":5,"column":0},"end":{"line":5,"column":39}},"5":{"start":{"line":6,"column":0},"end":{"line":6,"column":2}},"6":{"start":{"line":7,"column":0},"end":{"line":7,"column":23}},"7":{"start":{"line":8,"column":0},"end":{"line":8,"column":39}},"8":{"start":{"line":9,"column":0},"end":{"line":9,"column":10}},"9":{"start":{"line":10,"column":0},"end":{"line":10,"column":3}},"10":{"start":{"line":11,"column":0},"end":{"line":11,"column":2}},"11":{"start":{"line":12,"column":0},"end":{"line":12,"column":29}},"12":{"start":{"line":13,"column":0},"end":{"line":13,"column":0}},"13":{"start":{"line":14,"column":0},"end":{"line":14,"column":20}},"14":{"start":{"line":15,"column":0},"end":{"line":15,"column":44}},"15":{"start":{"line":16,"column":0},"end":{"line":16,"column":10}},"16":{"start":{"line":17,"column":0},"end":{"line":17,"column":3}},"17":{"start":{"line":18,"column":0},"end":{"line":18,"column":0}},"18":{"start":{"line":19,"column":0},"end":{"line":19,"column":28}},"19":{"start":{"line":20,"column":0},"end":{"line":20,"column":13}},"20":{"start":{"line":21,"column":0},"end":{"line":21,"column":1}}},"s":{"0":1,"1":1,"2":1,"3":1,"4":1,"5":4,"6":4,"7":1,"8":1,"9":1,"10":3,"11":3,"12":3,"13":4,"14":1,"15":1,"16":1,"17":2,"18":2,"19":2,"20":2},"branchMap":{"0":{"type":"branch","line":5,"loc":{"start":{"line":5,"column":15},"end":{"line":21,"column":1}},"locations":[{"start":{"line":5,"column":15},"end":{"line":21,"column":1}}]},"1":{"type":"branch","line":7,"loc":{"start":{"line":7,"column":22},"end":{"line":10,"column":3}},"locations":[{"start":{"line":7,"column":22},"end":{"line":10,"column":3}}]},"2":{"type":"branch","line":10,"loc":{"start":{"line":10,"column":2},"end":{"line":14,"column":19}},"locations":[{"start":{"line":10,"column":2},"end":{"line":14,"column":19}}]},"3":{"type":"branch","line":14,"loc":{"start":{"line":14,"column":19},"end":{"line":17,"column":3}},"locations":[{"start":{"line":14,"column":19},"end":{"line":17,"column":3}}]},"4":{"type":"branch","line":17,"loc":{"start":{"line":17,"column":2},"end":{"line":21,"column":1}},"locations":[{"start":{"line":17,"column":2},"end":{"line":21,"column":1}}]}},"b":{"0":[4],"1":[1],"2":[3],"3":[1],"4":[2]},"fnMap":{"0":{"name":"DeleteTask","decl":{"start":{"line":5,"column":15},"end":{"line":21,"column":1}},"loc":{"start":{"line":5,"column":15},"end":{"line":21,"column":1}},"line":5}},"f":{"0":4}}
,"/home/kintsume/Documents/Projects/TaskTrackerCLI/functions/list.js": {"path":"/home/kintsume/Documents/Projects/TaskTrackerCLI/functions/list.js","all":false,"statementMap":{"0":{"start":{"line":1,"column":0},"end":{"line":1,"column":0}},"1":{"start":{"line":2,"column":0},"end":{"line":2,"column":58}},"2":{"start":{"line":3,"column":0},"end":{"line":3,"column":0}},"3":{"start":{"line":4,"column":0},"end":{"line":4,"column":42}},"4":{"start":{"line":5,"column":0},"end":{"line":5,"column":2}},"5":{"start":{"line":6,"column":0},"end":{"line":6,"column":13}},"6":{"start":{"line":7,"column":0},"end":{"line":7,"column":0}},"7":{"start":{"line":8,"column":0},"end":{"line":8,"column":42}},"8":{"start":{"line":9,"column":0},"end":{"line":9,"column":16}},"9":{"start":{"line":10,"column":0},"end":{"line":10,"column":12}},"10":{"start":{"line":11,"column":0},"end":{"line":11,"column":5}},"11":{"start":{"line":12,"column":0},"end":{"line":12,"column":0}},"12":{"start":{"line":13,"column":0},"end":{"line":13,"column":42}},"13":{"start":{"line":14,"column":0},"end":{"line":14,"column":16}},"14":{"start":{"line":15,"column":0},"end":{"line":15,"column":12}},"15":{"start":{"line":16,"column":0},"end":{"line":16,"column":5}},"16":{"start":{"line":17,"column":0},"end":{"line":17,"column":0}},"17":{"start":{"line":18,"column":0},"end":{"line":18,"column":48}},"18":{"start":{"line":19,"column":0},"end":{"line":19,"column":22}},"19":{"start":{"line":20,"column":0},"end":{"line":20,"column":12}},"20":{"start":{"line":21,"column":0},"end":{"line":21,"column":5}},"21":{"start":{"line":22,"column":0},"end":{"line":22,"column":4}},"22":{"start":{"line":23,"column":0},"end":{"line":23,"column":26}},"23":{"start":{"line":24,"column":0},"end":{"line":24,"column":0}},"24":{"start":{"line":25,"column":0},"end":{"line":25,"column":10}},"25":{"start":{"line":26,"column":0},"end":{"line":26,"column":3}},"26":{"start":{"line":27,"column":0},"end":{"line":27,"column":2}},"27":{"start":{"line":28,"column":0},"end":{"line":28,"column":11}},"28":{"start":{"line":29,"column":0},"end":{"line":29,"column":1}},"29":{"start":{"line":30,"column":0},"end":{"line":30,"column":0}},"30":{"start":{"line":31,"column":0},"end":{"line":31,"column":19}},"31":{"start":{"line":32,"column":0},"end":{"line":32,"column":51}},"32":{"start":{"line":33,"column":0},"end":{"line":33,"column":0}},"33":{"start":{"line":34,"column":0},"end":{"line":34,"column":51}},"34":{"start":{"line":35,"column":0},"end":{"line":35,"column":0}},"35":{"start":{"line":36,"column":0},"end":{"line":36,"column":63}},"36":{"start":{"line":37,"column":0},"end":{"line":37,"column":2}},"37":{"start":{"line":38,"column":0},"end":{"line":38,"column":62}},"38":{"start":{"line":39,"column":0},"end":{"line":39,"column":61}},"39":{"start":{"line":40,"column":0},"end":{"line":40,"column":2}},"40":{"start":{"line":41,"column":0},"end":{"line":41,"column":23}},"41":{"start":{"line":42,"column":0},"end":{"line":42,"column":30}},"42":{"start":{"line":43,"column":0},"end":{"line":43,"column":36}},"43":{"start":{"line":44,"column":0},"end":{"line":44,"column":72}},"44":{"start":{"line":45,"column":0},"end":{"line":45,"column":3}},"45":{"start":{"line":46,"column":0},"end":{"line":46,"column":19}},"46":{"start":{"line":47,"column":0},"end":{"line":47,"column":0}},"47":{"start":{"line":48,"column":0},"end":{"line":48,"column":23}},"48":{"start":{"line":49,"column":0},"end":{"line":49,"column":30}},"49":{"start":{"line":50,"column":0},"end":{"line":50,"column":36}},"50":{"start":{"line":51,"column":0},"end":{"line":51,"column":72}},"51":{"start":{"line":52,"column":0},"end":{"line":52,"column":3}},"52":{"start":{"line":53,"column":0},"end":{"line":53,"column":19}},"53":{"start":{"line":54,"column":0},"end":{"line":54,"column":2}},"54":{"start":{"line":55,"column":0},"end":{"line":55,"column":30}},"55":{"start":{"line":56,"column":0},"end":{"line":56,"column":30}},"56":{"start":{"line":57,"column":0},"end":{"line":57,"column":42}},"57":{"start":{"line":58,"column":0},"end":{"line":58,"column":84}},"58":{"start":{"line":59,"column":0},"end":{"line":59,"column":3}},"59":{"start":{"line":60,"column":0},"end":{"line":60,"column":19}},"60":{"start":{"line":61,"column":0},"end":{"line":61,"column":2}},"61":{"start":{"line":62,"column":0},"end":{"line":62,"column":1}},"62":{"start":{"line":63,"column":0},"end":{"line":63,"column":0}},"63":{"start":{"line":64,"column":0},"end":{"line":64,"column":20}},"64":{"start":{"line":65,"column":0},"end":{"line":65,"column":0}},"65":{"start":{"line":66,"column":0},"end":{"line":66,"column":47}},"66":{"start":{"line":67,"column":0},"end":{"line":67,"column":2}},"67":{"start":{"line":68,"column":0},"end":{"line":68,"column":37}},"68":{"start":{"line":69,"column":0},"end":{"line":69,"column":38}},"69":{"start":{"line":70,"column":0},"end":{"line":70,"column":2}},"70":{"start":{"line":71,"column":0},"end":{"line":71,"column":27}},"71":{"start":{"line":72,"column":0},"end":{"line":72,"column":56}},"72":{"start":{"line":73,"column":0},"end":{"line":73,"column":3}},"73":{"start":{"line":74,"column":0},"end":{"line":74,"column":2}},"74":{"start":{"line":75,"column":0},"end":{"line":75,"column":1}},"75":{"start":{"line":76,"column":0},"end":{"line":76,"column":0}},"76":{"start":{"line":77,"column":0},"end":{"line":77,"column":20}},"77":{"start":{"line":78,"column":0},"end":{"line":78,"column":47}},"78":{"start":{"line":79,"column":0},"end":{"line":79,"column":0}},"79":{"start":{"line":80,"column":0},"end":{"line":80,"column":37}},"80":{"start":{"line":81,"column":0},"end":{"line":81,"column":38}},"81":{"start":{"line":82,"column":0},"end":{"line":82,"column":0}},"82":{"start":{"line":83,"column":0},"end":{"line":83,"column":27}},"83":{"start":{"line":84,"column":0},"end":{"line":84,"column":56}},"84":{"start":{"line":85,"column":0},"end":{"line":85,"column":3}},"85":{"start":{"line":86,"column":0},"end":{"line":86,"column":1}},"86":{"start":{"line":87,"column":0},"end":{"line":87,"column":0}},"87":{"start":{"line":88,"column":0},"end":{"line":88,"column":26}},"88":{"start":{"line":89,"column":0},"end":{"line":89,"column":53}},"89":{"start":{"line":90,"column":0},"end":{"line":90,"column":0}},"90":{"start":{"line":91,"column":0},"end":{"line":91,"column":44}},"91":{"start":{"line":92,"column":0},"end":{"line":92,"column":38}},"92":{"start":{"line":93,"column":0},"end":{"line":93,"column":0}},"93":{"start":{"line":94,"column":0},"end":{"line":94,"column":27}},"94":{"start":{"line":95,"column":0},"end":{"line":95,"column":56}},"95":{"start":{"line":96,"column":0},"end":{"line":96,"column":3}},"96":{"start":{"line":97,"column":0},"end":{"line":97,"column":1}},"97":{"start":{"line":98,"column":0},"end":{"line":98,"column":0}},"98":{"start":{"line":99,"column":0},"end":{"line":99,"column":32}},"99":{"start":{"line":100,"column":0},"end":{"line":100,"column":54}},"100":{"start":{"line":101,"column":0},"end":{"line":101,"column":78}},"101":{"start":{"line":102,"column":0},"end":{"line":102,"column":1}}},"s":{"0":1,"1":1,"2":1,"3":1,"4":8,"5":8,"6":4,"7":4,"8":1,"9":1,"10":1,"11":3,"12":4,"13":1,"14":1,"15":1,"16":2,"17":4,"18":1,"19":1,"20":1,"21":1,"22":1,"23":1,"24":1,"25":1,"26":4,"27":4,"28":4,"29":1,"30":4,"31":4,"32":4,"33":4,"34":4,"35":4,"36":4,"37":4,"38":4,"39":4,"40":4,"41":4,"42":5,"43":1,"44":1,"45":4,"46":4,"47":4,"48":4,"49":5,"50":1,"51":1,"52":4,"53":4,"54":4,"55":4,"56":5,"57":1,"58":1,"59":4,"60":4,"61":4,"62":1,"63":1,"64":1,"65":1,"66":1,"67":1,"68":1,"69":1,"70":1,"71":1,"72":1,"73":1,"74":1,"75":1,"76":1,"77":1,"78":1,"79":1,"80":1,"81":1,"82":1,"83":1,"84":1,"85":1,"86":1,"87":1,"88":1,"89":1,"90":1,"91":1,"92":1,"93":1,"94":1,"95":1,"96":1,"97":1,"98":1,"99":1,"100":1,"101":1},"branchMap":{"0":{"type":"branch","line":4,"loc":{"start":{"line":4,"column":15},"end":{"line":29,"column":1}},"locations":[{"start":{"line":4,"column":15},"end":{"line":29,"column":1}}]},"1":{"type":"branch","line":6,"loc":{"start":{"line":6,"column":12},"end":{"line":29,"column":1}},"locations":[{"start":{"line":6,"column":12},"end":{"line":29,"column":1}}]},"2":{"type":"branch","line":8,"loc":{"start":{"line":8,"column":23},"end":{"line":8,"column":40}},"locations":[{"start":{"line":8,"column":23},"end":{"line":8,"column":40}}]},"3":{"type":"branch","line":8,"loc":{"start":{"line":8,"column":41},"end":{"line":11,"column":5}},"locations":[{"start":{"line":8,"column":41},"end":{"line":11,"column":5}}]},"4":{"type":"branch","line":11,"loc":{"start":{"line":11,"column":4},"end":{"line":13,"column":27}},"locations":[{"start":{"line":11,"column":4},"end":{"line":13,"column":27}}]},"5":{"type":"branch","line":13,"loc":{"start":{"line":13,"column":23},"end":{"line":13,"column":40}},"locations":[{"start":{"line":13,"column":23},"end":{"line":13,"column":40}}]},"6":{"type":"branch","line":13,"loc":{"start":{"line":13,"column":41},"end":{"line":16,"column":5}},"locations":[{"start":{"line":13,"column":41},"end":{"line":16,"column":5}}]},"7":{"type":"branch","line":16,"loc":{"start":{"line":16,"column":4},"end":{"line":18,"column":33}},"locations":[{"start":{"line":16,"column":4},"end":{"line":18,"column":33}}]},"8":{"type":"branch","line":18,"loc":{"start":{"line":18,"column":29},"end":{"line":18,"column":46}},"locations":[{"start":{"line":18,"column":29},"end":{"line":18,"column":46}}]},"9":{"type":"branch","line":18,"loc":{"start":{"line":18,"column":47},"end":{"line":26,"column":3}},"locations":[{"start":{"line":18,"column":47},"end":{"line":26,"column":3}}]},"10":{"type":"branch","line":31,"loc":{"start":{"line":31,"column":0},"end":{"line":62,"column":1}},"locations":[{"start":{"line":31,"column":0},"end":{"line":62,"column":1}}]},"11":{"type":"branch","line":42,"loc":{"start":{"line":42,"column":29},"end":{"line":45,"column":3}},"locations":[{"start":{"line":42,"column":29},"end":{"line":45,"column":3}}]},"12":{"type":"branch","line":43,"loc":{"start":{"line":43,"column":30},"end":{"line":43,"column":36}},"locations":[{"start":{"line":43,"column":30},"end":{"line":43,"column":36}}]},"13":{"type":"branch","line":43,"loc":{"start":{"line":43,"column":30},"end":{"line":45,"column":3}},"locations":[{"start":{"line":43,"column":30},"end":{"line":45,"column":3}}]},"14":{"type":"branch","line":49,"loc":{"start":{"line":49,"column":29},"end":{"line":52,"column":3}},"locations":[{"start":{"line":49,"column":29},"end":{"line":52,"column":3}}]},"15":{"type":"branch","line":50,"loc":{"start":{"line":50,"column":30},"end":{"line":50,"column":36}},"locations":[{"start":{"line":50,"column":30},"end":{"line":50,"column":36}}]},"16":{"type":"branch","line":50,"loc":{"start":{"line":50,"column":30},"end":{"line":52,"column":3}},"locations":[{"start":{"line":50,"column":30},"end":{"line":52,"column":3}}]},"17":{"type":"branch","line":56,"loc":{"start":{"line":56,"column":29},"end":{"line":59,"column":3}},"locations":[{"start":{"line":56,"column":29},"end":{"line":59,"column":3}}]},"18":{"type":"branch","line":57,"loc":{"start":{"line":57,"column":36},"end":{"line":57,"column":42}},"locations":[{"start":{"line":57,"column":36},"end":{"line":57,"column":42}}]},"19":{"type":"branch","line":57,"loc":{"start":{"line":57,"column":36},"end":{"line":59,"column":3}},"locations":[{"start":{"line":57,"column":36},"end":{"line":59,"column":3}}]},"20":{"type":"branch","line":64,"loc":{"start":{"line":64,"column":0},"end":{"line":75,"column":1}},"locations":[{"start":{"line":64,"column":0},"end":{"line":75,"column":1}}]},"21":{"type":"branch","line":77,"loc":{"start":{"line":77,"column":0},"end":{"line":86,"column":1}},"locations":[{"start":{"line":77,"column":0},"end":{"line":86,"column":1}}]},"22":{"type":"branch","line":88,"loc":{"start":{"line":88,"column":0},"end":{"line":97,"column":1}},"locations":[{"start":{"line":88,"column":0},"end":{"line":97,"column":1}}]},"23":{"type":"branch","line":99,"loc":{"start":{"line":99,"column":0},"end":{"line":102,"column":1}},"locations":[{"start":{"line":99,"column":0},"end":{"line":102,"column":1}}]}},"b":{"0":[8],"1":[4],"2":[3],"3":[1],"4":[3],"5":[2],"6":[1],"7":[2],"8":[1],"9":[1],"10":[4],"11":[5],"12":[4],"13":[1],"14":[5],"15":[4],"16":[1],"17":[5],"18":[4],"19":[1],"20":[1],"21":[1],"22":[1],"23":[1]},"fnMap":{"0":{"name":"ListTasks","decl":{"start":{"line":4,"column":15},"end":{"line":29,"column":1}},"loc":{"start":{"line":4,"column":15},"end":{"line":29,"column":1}},"line":4},"1":{"name":"listAll","decl":{"start":{"line":31,"column":0},"end":{"line":62,"column":1}},"loc":{"start":{"line":31,"column":0},"end":{"line":62,"column":1}},"line":31},"2":{"name":"listDone","decl":{"start":{"line":64,"column":0},"end":{"line":75,"column":1}},"loc":{"start":{"line":64,"column":0},"end":{"line":75,"column":1}},"line":64},"3":{"name":"listTodo","decl":{"start":{"line":77,"column":0},"end":{"line":86,"column":1}},"loc":{"start":{"line":77,"column":0},"end":{"line":86,"column":1}},"line":77},"4":{"name":"listInProgress","decl":{"start":{"line":88,"column":0},"end":{"line":97,"column":1}},"loc":{"start":{"line":88,"column":0},"end":{"line":97,"column":1}},"line":88},"5":{"name":"statusNotFound","decl":{"start":{"line":99,"column":0},"end":{"line":102,"column":1}},"loc":{"start":{"line":99,"column":0},"end":{"line":102,"column":1}},"line":99}},"f":{"0":8,"1":4,"2":1,"3":1,"4":1,"5":1}}
,"/home/kintsume/Documents/Projects/TaskTrackerCLI/functions/mark.js": {"path":"/home/kintsume/Documents/Projects/TaskTrackerCLI/functions/mark.js","all":false,"statementMap":{"0":{"start":{"line":1,"column":0},"end":{"line":1,"column":72}},"1":{"start":{"line":2,"column":0},"end":{"line":2,"column":0}},"2":{"start":{"line":3,"column":0},"end":{"line":3,"column":45}},"3":{"start":{"line":4,"column":0},"end":{"line":4,"column":24}},"4":{"start":{"line":5,"column":0},"end":{"line":5,"column":39}},"5":{"start":{"line":6,"column":0},"end":{"line":6,"column":10}},"6":{"start":{"line":7,"column":0},"end":{"line":7,"column":3}},"7":{"start":{"line":8,"column":0},"end":{"line":8,"column":0}},"8":{"start":{"line":9,"column":0},"end":{"line":9,"column":27}},"9":{"start":{"line":10,"column":0},"end":{"line":10,"column":59}},"10":{"start":{"line":11,"column":0},"end":{"line":11,"column":10}},"11":{"start":{"line":12,"column":0},"end":{"line":12,"column":3}},"12":{"start":{"line":13,"column":0},"end":{"line":13,"column":0}},"13":{"start":{"line":14,"column":0},"end":{"line":14,"column":29}},"14":{"start":{"line":15,"column":0},"end":{"line":15,"column":0}},"15":{"start":{"line":16,"column":0},"end":{"line":16,"column":20}},"16":{"start":{"line":17,"column":0},"end":{"line":17,"column":44}},"17":{"start":{"line":18,"column":0},"end":{"line":18,"column":10}},"18":{"start":{"line":19,"column":0},"end":{"line":19,"column":3}},"19":{"start":{"line":20,"column":0},"end":{"line":20,"column":0}},"20":{"start":{"line":21,"column":0},"end":{"line":21,"column":89}},"21":{"start":{"line":22,"column":0},"end":{"line":22,"column":79}},"22":{"start":{"line":23,"column":0},"end":{"line":23,"column":0}},"23":{"start":{"line":24,"column":0},"end":{"line":24,"column":48}},"24":{"start":{"line":25,"column":0},"end":{"line":25,"column":48}},"25":{"start":{"line":26,"column":0},"end":{"line":26,"column":10}},"26":{"start":{"line":27,"column":0},"end":{"line":27,"column":3}},"27":{"start":{"line":28,"column":0},"end":{"line":28,"column":0}},"28":{"start":{"line":29,"column":0},"end":{"line":29,"column":17}},"29":{"start":{"line":30,"column":0},"end":{"line":30,"column":15}},"30":{"start":{"line":31,"column":0},"end":{"line":31,"column":23}},"31":{"start":{"line":32,"column":0},"end":{"line":32,"column":13}},"32":{"start":{"line":33,"column":0},"end":{"line":33,"column":15}},"33":{"start":{"line":34,"column":0},"end":{"line":34,"column":23}},"34":{"start":{"line":35,"column":0},"end":{"line":35,"column":13}},"35":{"start":{"line":36,"column":0},"end":{"line":36,"column":15}},"36":{"start":{"line":37,"column":0},"end":{"line":37,"column":29}},"37":{"start":{"line":38,"column":0},"end":{"line":38,"column":13}},"38":{"start":{"line":39,"column":0},"end":{"line":39,"column":14}},"39":{"start":{"line":40,"column":0},"end":{"line":40,"column":13}},"40":{"start":{"line":41,"column":0},"end":{"line":41,"column":3}},"41":{"start":{"line":42,"column":0},"end":{"line":42,"column":0}},"42":{"start":{"line":43,"column":0},"end":{"line":43,"column":42}},"43":{"start":{"line":44,"column":0},"end":{"line":44,"column":0}},"44":{"start":{"line":45,"column":0},"end":{"line":45,"column":22}},"45":{"start":{"line":46,"column":0},"end":{"line":46,"column":0}},"46":{"start":{"line":47,"column":0},"end":{"line":47,"column":32}},"47":{"start":{"line":48,"column":0},"end":{"line":48,"column":2}},"48":{"start":{"line":49,"column":0},"end":{"line":49,"column":1}}},"s":{"0":1,"1":1,"2":1,"3":10,"4":1,"5":1,"6":1,"7":9,"8":10,"9":1,"10":1,"11":1,"12":8,"13":8,"14":8,"15":10,"16":1,"17":1,"18":1,"19":7,"20":10,"21":10,"22":10,"23":10,"24":1,"25":1,"26":1,"27":6,"28":6,"29":10,"30":1,"31":1,"32":10,"33":1,"34":1,"35":10,"36":1,"37":1,"38":10,"39":3,"40":10,"41":6,"42":6,"43":6,"44":6,"45":6,"46":6,"47":6,"48":6},"branchMap":{"0":{"type":"branch","line":3,"loc":{"start":{"line":3,"column":15},"end":{"line":49,"column":1}},"locations":[{"start":{"line":3,"column":15},"end":{"line":49,"column":1}}]},"1":{"type":"branch","line":4,"loc":{"start":{"line":4,"column":23},"end":{"line":7,"column":3}},"locations":[{"start":{"line":4,"column":23},"end":{"line":7,"column":3}}]},"2":{"type":"branch","line":7,"loc":{"start":{"line":7,"column":2},"end":{"line":9,"column":26}},"locations":[{"start":{"line":7,"column":2},"end":{"line":9,"column":26}}]},"3":{"type":"branch","line":9,"loc":{"start":{"line":9,"column":26},"end":{"line":12,"column":3}},"locations":[{"start":{"line":9,"column":26},"end":{"line":12,"column":3}}]},"4":{"type":"branch","line":12,"loc":{"start":{"line":12,"column":2},"end":{"line":16,"column":19}},"locations":[{"start":{"line":12,"column":2},"end":{"line":16,"column":19}}]},"5":{"type":"branch","line":16,"loc":{"start":{"line":16,"column":19},"end":{"line":19,"column":3}},"locations":[{"start":{"line":16,"column":19},"end":{"line":19,"column":3}}]},"6":{"type":"branch","line":19,"loc":{"start":{"line":19,"column":2},"end":{"line":21,"column":47}},"locations":[{"start":{"line":19,"column":2},"end":{"line":21,"column":47}}]},"7":{"type":"branch","line":21,"loc":{"start":{"line":21,"column":43},"end":{"line":21,"column":63}},"locations":[{"start":{"line":21,"column":43},"end":{"line":21,"column":63}}]},"8":{"type":"branch","line":21,"loc":{"start":{"line":21,"column":63},"end":{"line":21,"column":89}},"locations":[{"start":{"line":21,"column":63},"end":{"line":21,"column":89}}]},"9":{"type":"branch","line":22,"loc":{"start":{"line":22,"column":45},"end":{"line":22,"column":62}},"locations":[{"start":{"line":22,"column":45},"end":{"line":22,"column":62}}]},"10":{"type":"branch","line":22,"loc":{"start":{"line":22,"column":62},"end":{"line":22,"column":79}},"locations":[{"start":{"line":22,"column":62},"end":{"line":22,"column":79}}]},"11":{"type":"branch","line":24,"loc":{"start":{"line":24,"column":21},"end":{"line":24,"column":46}},"locations":[{"start":{"line":24,"column":21},"end":{"line":24,"column":46}}]},"12":{"type":"branch","line":24,"loc":{"start":{"line":24,"column":47},"end":{"line":27,"column":3}},"locations":[{"start":{"line":24,"column":47},"end":{"line":27,"column":3}}]},"13":{"type":"branch","line":27,"loc":{"start":{"line":27,"column":2},"end":{"line":30,"column":11}},"locations":[{"start":{"line":27,"column":2},"end":{"line":30,"column":11}}]},"14":{"type":"branch","line":30,"loc":{"start":{"line":30,"column":6},"end":{"line":32,"column":13}},"locations":[{"start":{"line":30,"column":6},"end":{"line":32,"column":13}}]},"15":{"type":"branch","line":33,"loc":{"start":{"line":33,"column":6},"end":{"line":35,"column":13}},"locations":[{"start":{"line":33,"column":6},"end":{"line":35,"column":13}}]},"16":{"type":"branch","line":36,"loc":{"start":{"line":36,"column":6},"end":{"line":38,"column":13}},"locations":[{"start":{"line":36,"column":6},"end":{"line":38,"column":13}}]},"17":{"type":"branch","line":39,"loc":{"start":{"line":39,"column":6},"end":{"line":40,"column":13}},"locations":[{"start":{"line":39,"column":6},"end":{"line":40,"column":13}}]},"18":{"type":"branch","line":41,"loc":{"start":{"line":41,"column":2},"end":{"line":49,"column":1}},"locations":[{"start":{"line":41,"column":2},"end":{"line":49,"column":1}}]}},"b":{"0":[10],"1":[1],"2":[9],"3":[1],"4":[8],"5":[1],"6":[7],"7":[6],"8":[5],"9":[6],"10":[5],"11":[4],"12":[1],"13":[6],"14":[1],"15":[1],"16":[1],"17":[3],"18":[6]},"fnMap":{"0":{"name":"MarkTask","decl":{"start":{"line":3,"column":15},"end":{"line":49,"column":1}},"loc":{"start":{"line":3,"column":15},"end":{"line":49,"column":1}},"line":3}},"f":{"0":10}}
,"/home/kintsume/Documents/Projects/TaskTrackerCLI/functions/update.js": {"path":"/home/kintsume/Documents/Projects/TaskTrackerCLI/functions/update.js","all":false,"statementMap":{"0":{"start":{"line":1,"column":0},"end":{"line":1,"column":73}},"1":{"start":{"line":2,"column":0},"end":{"line":2,"column":0}},"2":{"start":{"line":3,"column":0},"end":{"line":3,"column":56}},"3":{"start":{"line":4,"column":0},"end":{"line":4,"column":2}},"4":{"start":{"line":5,"column":0},"end":{"line":5,"column":22}},"5":{"start":{"line":6,"column":0},"end":{"line":6,"column":39}},"6":{"start":{"line":7,"column":0},"end":{"line":7,"column":10}},"7":{"start":{"line":8,"column":0},"end":{"line":8,"column":3}},"8":{"start":{"line":9,"column":0},"end":{"line":9,"column":2}},"9":{"start":{"line":10,"column":0},"end":{"line":10,"column":30}},"10":{"start":{"line":11,"column":0},"end":{"line":11,"column":0}},"11":{"start":{"line":12,"column":0},"end":{"line":12,"column":22}},"12":{"start":{"line":13,"column":0},"end":{"line":13,"column":45}},"13":{"start":{"line":14,"column":0},"end":{"line":14,"column":11}},"14":{"start":{"line":15,"column":0},"end":{"line":15,"column":3}},"15":{"start":{"line":16,"column":0},"end":{"line":16,"column":0}},"16":{"start":{"line":17,"column":0},"end":{"line":17,"column":24}},"17":{"start":{"line":18,"column":0},"end":{"line":18,"column":54}},"18":{"start":{"line":19,"column":0},"end":{"line":19,"column":11}},"19":{"start":{"line":20,"column":0},"end":{"line":20,"column":3}},"20":{"start":{"line":21,"column":0},"end":{"line":21,"column":0}},"21":{"start":{"line":22,"column":0},"end":{"line":22,"column":34}},"22":{"start":{"line":23,"column":0},"end":{"line":23,"column":55}},"23":{"start":{"line":24,"column":0},"end":{"line":24,"column":3}},"24":{"start":{"line":25,"column":0},"end":{"line":25,"column":0}},"25":{"start":{"line":26,"column":0},"end":{"line":26,"column":43}},"26":{"start":{"line":27,"column":0},"end":{"line":27,"column":0}},"27":{"start":{"line":28,"column":0},"end":{"line":28,"column":14}},"28":{"start":{"line":29,"column":0},"end":{"line":29,"column":34}},"29":{"start":{"line":30,"column":0},"end":{"line":30,"column":11}},"30":{"start":{"line":31,"column":0},"end":{"line":31,"column":3}},"31":{"start":{"line":32,"column":0},"end":{"line":32,"column":0}},"32":{"start":{"line":33,"column":0},"end":{"line":33,"column":28}},"33":{"start":{"line":34,"column":0},"end":{"line":34,"column":12}},"34":{"start":{"line":35,"column":0},"end":{"line":35,"column":32}},"35":{"start":{"line":36,"column":0},"end":{"line":36,"column":26}},"36":{"start":{"line":37,"column":0},"end":{"line":37,"column":5}},"37":{"start":{"line":38,"column":0},"end":{"line":38,"column":1}}},"s":{"0":1,"1":1,"2":1,"3":6,"4":6,"5":1,"6":1,"7":1,"8":5,"9":5,"10":5,"11":6,"12":1,"13":1,"14":1,"15":4,"16":6,"17":1,"18":1,"19":1,"20":3,"21":6,"22":1,"23":1,"24":3,"25":3,"26":3,"27":6,"28":2,"29":2,"30":2,"31":1,"32":1,"33":1,"34":1,"35":1,"36":1,"37":1},"branchMap":{"0":{"type":"branch","line":3,"loc":{"start":{"line":3,"column":15},"end":{"line":38,"column":1}},"locations":[{"start":{"line":3,"column":15},"end":{"line":38,"column":1}}]},"1":{"type":"branch","line":5,"loc":{"start":{"line":5,"column":21},"end":{"line":8,"column":3}},"locations":[{"start":{"line":5,"column":21},"end":{"line":8,"column":3}}]},"2":{"type":"branch","line":8,"loc":{"start":{"line":8,"column":2},"end":{"line":12,"column":21}},"locations":[{"start":{"line":8,"column":2},"end":{"line":12,"column":21}}]},"3":{"type":"branch","line":12,"loc":{"start":{"line":12,"column":21},"end":{"line":15,"column":3}},"locations":[{"start":{"line":12,"column":21},"end":{"line":15,"column":3}}]},"4":{"type":"branch","line":15,"loc":{"start":{"line":15,"column":2},"end":{"line":17,"column":23}},"locations":[{"start":{"line":15,"column":2},"end":{"line":17,"column":23}}]},"5":{"type":"branch","line":17,"loc":{"start":{"line":17,"column":23},"end":{"line":20,"column":3}},"locations":[{"start":{"line":17,"column":23},"end":{"line":20,"column":3}}]},"6":{"type":"branch","line":20,"loc":{"start":{"line":20,"column":2},"end":{"line":22,"column":33}},"locations":[{"start":{"line":20,"column":2},"end":{"line":22,"column":33}}]},"7":{"type":"branch","line":22,"loc":{"start":{"line":22,"column":33},"end":{"line":24,"column":3}},"locations":[{"start":{"line":22,"column":33},"end":{"line":24,"column":3}}]},"8":{"type":"branch","line":24,"loc":{"start":{"line":24,"column":2},"end":{"line":28,"column":13}},"locations":[{"start":{"line":24,"column":2},"end":{"line":28,"column":13}}]},"9":{"type":"branch","line":28,"loc":{"start":{"line":28,"column":13},"end":{"line":31,"column":3}},"locations":[{"start":{"line":28,"column":13},"end":{"line":31,"column":3}}]},"10":{"type":"branch","line":31,"loc":{"start":{"line":31,"column":2},"end":{"line":38,"column":1}},"locations":[{"start":{"line":31,"column":2},"end":{"line":38,"column":1}}]}},"b":{"0":[6],"1":[1],"2":[5],"3":[1],"4":[4],"5":[1],"6":[3],"7":[1],"8":[3],"9":[2],"10":[1]},"fnMap":{"0":{"name":"UpdateTask","decl":{"start":{"line":3,"column":15},"end":{"line":38,"column":1}},"loc":{"start":{"line":3,"column":15},"end":{"line":38,"column":1}},"line":3}},"f":{"0":6}}
}
