TN:
SF:functions/add.js
FN:7,AddTask
FN:29,CreateNewFile
FN:39,CreateNewTask
FNF:3
FNH:3
FNDA:4,AddTask
FNDA:1,CreateNewFile
FNDA:1,CreateNewTask
DA:1,1
DA:2,1
DA:3,1
DA:4,1
DA:5,1
DA:6,1
DA:7,1
DA:8,4
DA:9,4
DA:10,1
DA:11,1
DA:12,1
DA:13,3
DA:14,4
DA:15,1
DA:16,1
DA:17,1
DA:18,2
DA:19,2
DA:20,2
DA:21,4
DA:22,1
DA:23,1
DA:24,1
DA:25,1
DA:26,1
DA:27,1
DA:28,1
DA:29,1
DA:30,1
DA:31,1
DA:32,1
DA:33,1
DA:34,1
DA:35,1
DA:36,1
DA:37,1
DA:38,1
DA:39,1
DA:40,1
DA:41,1
DA:42,1
DA:43,1
DA:44,1
DA:45,1
DA:46,1
DA:47,1
DA:48,1
DA:49,1
LF:49
LH:49
BRDA:7,0,0,4
BRDA:9,1,0,1
BRDA:12,2,0,3
BRDA:14,3,0,1
BRDA:17,4,0,2
BRDA:21,5,0,1
BRDA:29,6,0,1
BRDA:39,7,0,1
BRF:8
BRH:8
end_of_record
