TN:
SF:fileSystem.js
FN:5,CreateFile
FN:9,GetTaskFromFileById
FN:14,GetTaskFromFileByStatus
FN:20,AddTaskToFile
FN:32,UpdateTaskOnFile
FN:53,getFileData
FN:57,saveFileData
FNF:7
FNH:7
FNDA:1,CreateFile
FNDA:1,GetTaskFromFileById
FNDA:1,GetTaskFromFileByStatus
FNDA:2,AddTaskToFile
FNDA:2,UpdateTaskOnFile
FNDA:6,getFileData
FNDA:5,saveFileData
DA:1,1
DA:2,1
DA:3,1
DA:4,1
DA:5,1
DA:6,1
DA:7,1
DA:8,1
DA:9,1
DA:10,1
DA:11,1
DA:12,1
DA:13,1
DA:14,1
DA:15,1
DA:16,1
DA:17,1
DA:18,1
DA:19,1
DA:20,1
DA:21,2
DA:22,2
DA:23,2
DA:24,2
DA:25,2
DA:26,2
DA:27,2
DA:28,2
DA:29,2
DA:30,2
DA:31,1
DA:32,1
DA:33,2
DA:34,2
DA:35,2
DA:36,1
DA:37,1
DA:38,1
DA:39,1
DA:40,1
DA:41,1
DA:42,1
DA:43,1
DA:44,1
DA:45,1
DA:46,4
DA:47,4
DA:48,1
DA:49,1
DA:50,1
DA:51,1
DA:52,1
DA:53,6
DA:54,6
DA:55,6
DA:56,1
DA:57,5
DA:58,5
DA:59,5
LF:59
LH:59
BRDA:5,0,0,1
BRDA:9,1,0,1
BRDA:10,2,0,3
BRDA:14,3,0,1
BRDA:15,4,0,4
BRDA:20,5,0,2
BRDA:32,6,0,2
BRDA:35,7,0,1
BRDA:45,8,0,4
BRDA:53,9,0,6
BRDA:57,10,0,5
BRF:11
BRH:11
end_of_record
TN:
SF:index.js
FN:9,program
FNF:1
FNH:1
FNDA:12,program
DA:1,1
DA:2,1
DA:3,1
DA:4,1
DA:5,1
DA:6,1
DA:7,1
DA:8,1
DA:9,1
DA:10,12
DA:11,12
DA:12,12
DA:13,12
DA:14,12
DA:15,12
DA:16,12
DA:17,12
DA:18,12
DA:19,12
DA:20,2
DA:21,2
DA:22,2
DA:23,2
DA:24,2
DA:25,10
DA:26,12
DA:27,2
DA:28,2
DA:29,2
DA:30,2
DA:31,2
DA:32,8
DA:33,12
DA:34,3
DA:35,3
DA:36,3
DA:37,3
DA:38,3
DA:39,5
DA:40,12
DA:41,2
DA:42,2
DA:43,2
DA:44,2
DA:45,2
DA:46,2
DA:47,3
DA:48,12
DA:49,2
DA:50,2
DA:51,2
DA:52,2
DA:53,2
DA:54,2
DA:55,1
DA:56,1
DA:57,1
DA:58,1
DA:59,1
LF:59
LH:59
BRDA:9,0,0,12
BRDA:19,1,0,11
BRDA:19,2,0,2
BRDA:24,3,0,10
BRDA:26,4,0,9
BRDA:26,5,0,2
BRDA:31,6,0,8
BRDA:33,7,0,6
BRDA:33,8,0,3
BRDA:38,9,0,5
BRDA:40,10,0,4
BRDA:40,11,0,2
BRDA:46,12,0,3
BRDA:48,13,0,2
BRDA:48,14,0,2
BRDA:54,15,0,1
BRF:16
BRH:16
end_of_record
TN:
SF:functions/add.js
FN:7,AddTask
FN:29,CreateNewFile
FN:39,CreateNewTask
FNF:3
FNH:3
FNDA:4,AddTask
FNDA:1,CreateNewFile
FNDA:1,CreateNewTask
DA:1,1
DA:2,1
DA:3,1
DA:4,1
DA:5,1
DA:6,1
DA:7,1
DA:8,4
DA:9,4
DA:10,1
DA:11,1
DA:12,1
DA:13,3
DA:14,4
DA:15,1
DA:16,1
DA:17,1
DA:18,2
DA:19,2
DA:20,2
DA:21,4
DA:22,1
DA:23,1
DA:24,1
DA:25,1
DA:26,1
DA:27,1
DA:28,1
DA:29,1
DA:30,1
DA:31,1
DA:32,1
DA:33,1
DA:34,1
DA:35,1
DA:36,1
DA:37,1
DA:38,1
DA:39,1
DA:40,1
DA:41,1
DA:42,1
DA:43,1
DA:44,1
DA:45,1
DA:46,1
DA:47,1
DA:48,1
DA:49,1
LF:49
LH:49
BRDA:7,0,0,4
BRDA:9,1,0,1
BRDA:12,2,0,3
BRDA:14,3,0,1
BRDA:17,4,0,2
BRDA:21,5,0,1
BRDA:29,6,0,1
BRDA:39,7,0,1
BRF:8
BRH:8
end_of_record
TN:
SF:functions/delete.js
FN:5,DeleteTask
FNF:1
FNH:1
FNDA:4,DeleteTask
DA:1,1
DA:2,1
DA:3,1
DA:4,1
DA:5,1
DA:6,4
DA:7,4
DA:8,1
DA:9,1
DA:10,1
DA:11,3
DA:12,3
DA:13,3
DA:14,4
DA:15,1
DA:16,1
DA:17,1
DA:18,2
DA:19,2
DA:20,2
DA:21,2
LF:21
LH:21
BRDA:5,0,0,4
BRDA:7,1,0,1
BRDA:10,2,0,3
BRDA:14,3,0,1
BRDA:17,4,0,2
BRF:5
BRH:5
end_of_record
TN:
SF:functions/list.js
FN:4,ListTasks
FN:31,listAll
FN:64,listDone
FN:77,listTodo
FN:88,listInProgress
FN:99,statusNotFound
FNF:6
FNH:6
FNDA:8,ListTasks
FNDA:4,listAll
FNDA:1,listDone
FNDA:1,listTodo
FNDA:1,listInProgress
FNDA:1,statusNotFound
DA:1,1
DA:2,1
DA:3,1
DA:4,1
DA:5,8
DA:6,8
DA:7,4
DA:8,4
DA:9,1
DA:10,1
DA:11,1
DA:12,3
DA:13,4
DA:14,1
DA:15,1
DA:16,1
DA:17,2
DA:18,4
DA:19,1
DA:20,1
DA:21,1
DA:22,1
DA:23,1
DA:24,1
DA:25,1
DA:26,1
DA:27,4
DA:28,4
DA:29,4
DA:30,1
DA:31,4
DA:32,4
DA:33,4
DA:34,4
DA:35,4
DA:36,4
DA:37,4
DA:38,4
DA:39,4
DA:40,4
DA:41,4
DA:42,4
DA:43,5
DA:44,1
DA:45,1
DA:46,4
DA:47,4
DA:48,4
DA:49,4
DA:50,5
DA:51,1
DA:52,1
DA:53,4
DA:54,4
DA:55,4
DA:56,4
DA:57,5
DA:58,1
DA:59,1
DA:60,4
DA:61,4
DA:62,4
DA:63,1
DA:64,1
DA:65,1
DA:66,1
DA:67,1
DA:68,1
DA:69,1
DA:70,1
DA:71,1
DA:72,1
DA:73,1
DA:74,1
DA:75,1
DA:76,1
DA:77,1
DA:78,1
DA:79,1
DA:80,1
DA:81,1
DA:82,1
DA:83,1
DA:84,1
DA:85,1
DA:86,1
DA:87,1
DA:88,1
DA:89,1
DA:90,1
DA:91,1
DA:92,1
DA:93,1
DA:94,1
DA:95,1
DA:96,1
DA:97,1
DA:98,1
DA:99,1
DA:100,1
DA:101,1
DA:102,1
LF:102
LH:102
BRDA:4,0,0,8
BRDA:6,1,0,4
BRDA:8,2,0,3
BRDA:8,3,0,1
BRDA:11,4,0,3
BRDA:13,5,0,2
BRDA:13,6,0,1
BRDA:16,7,0,2
BRDA:18,8,0,1
BRDA:18,9,0,1
BRDA:31,10,0,4
BRDA:42,11,0,5
BRDA:43,12,0,4
BRDA:43,13,0,1
BRDA:49,14,0,5
BRDA:50,15,0,4
BRDA:50,16,0,1
BRDA:56,17,0,5
BRDA:57,18,0,4
BRDA:57,19,0,1
BRDA:64,20,0,1
BRDA:77,21,0,1
BRDA:88,22,0,1
BRDA:99,23,0,1
BRF:24
BRH:24
end_of_record
TN:
SF:functions/mark.js
FN:3,MarkTask
FNF:1
FNH:1
FNDA:10,MarkTask
DA:1,1
DA:2,1
DA:3,1
DA:4,10
DA:5,1
DA:6,1
DA:7,1
DA:8,9
DA:9,10
DA:10,1
DA:11,1
DA:12,1
DA:13,8
DA:14,8
DA:15,8
DA:16,10
DA:17,1
DA:18,1
DA:19,1
DA:20,7
DA:21,10
DA:22,10
DA:23,10
DA:24,10
DA:25,1
DA:26,1
DA:27,1
DA:28,6
DA:29,6
DA:30,10
DA:31,1
DA:32,1
DA:33,10
DA:34,1
DA:35,1
DA:36,10
DA:37,1
DA:38,1
DA:39,10
DA:40,3
DA:41,10
DA:42,6
DA:43,6
DA:44,6
DA:45,6
DA:46,6
DA:47,6
DA:48,6
DA:49,6
LF:49
LH:49
BRDA:3,0,0,10
BRDA:4,1,0,1
BRDA:7,2,0,9
BRDA:9,3,0,1
BRDA:12,4,0,8
BRDA:16,5,0,1
BRDA:19,6,0,7
BRDA:21,7,0,6
BRDA:21,8,0,5
BRDA:22,9,0,6
BRDA:22,10,0,5
BRDA:24,11,0,4
BRDA:24,12,0,1
BRDA:27,13,0,6
BRDA:30,14,0,1
BRDA:33,15,0,1
BRDA:36,16,0,1
BRDA:39,17,0,3
BRDA:41,18,0,6
BRF:19
BRH:19
end_of_record
TN:
SF:functions/update.js
FN:3,UpdateTask
FNF:1
FNH:1
FNDA:6,UpdateTask
DA:1,1
DA:2,1
DA:3,1
DA:4,6
DA:5,6
DA:6,1
DA:7,1
DA:8,1
DA:9,5
DA:10,5
DA:11,5
DA:12,6
DA:13,1
DA:14,1
DA:15,1
DA:16,4
DA:17,6
DA:18,1
DA:19,1
DA:20,1
DA:21,3
DA:22,6
DA:23,1
DA:24,1
DA:25,3
DA:26,3
DA:27,3
DA:28,6
DA:29,2
DA:30,2
DA:31,2
DA:32,1
DA:33,1
DA:34,1
DA:35,1
DA:36,1
DA:37,1
DA:38,1
LF:38
LH:38
BRDA:3,0,0,6
BRDA:5,1,0,1
BRDA:8,2,0,5
BRDA:12,3,0,1
BRDA:15,4,0,4
BRDA:17,5,0,1
BRDA:20,6,0,3
BRDA:22,7,0,1
BRDA:24,8,0,3
BRDA:28,9,0,2
BRDA:31,10,0,1
BRF:11
BRH:11
end_of_record
